<?xml version="1.0" encoding="UTF-8"?>
<!-- Generated by org.testng.reporters.JUnitReportReporter -->
<testsuite hostname="DESKTOP-PVHGHF8" failures="0" tests="11" name="Runner_files.Header_home_positive_runner" time="109.426" errors="1" timestamp="2021-05-04T23:43:02 IST" skipped="0">
  <testcase classname="Runner_files.Header_home_positive_runner" name="runScenario" time="5.719"/>
  <system-out/>
  <testcase classname="Runner_files.Header_home_positive_runner" name="runScenario" time="9.053"/>
  <system-out/>
  <testcase classname="Runner_files.Header_home_positive_runner" name="runScenario" time="5.300"/>
  <system-out/>
  <testcase classname="Runner_files.Header_home_positive_runner" name="runScenario" time="2.952"/>
  <system-out/>
  <testcase classname="Runner_files.Header_home_positive_runner" name="runScenario" time="2.498"/>
  <system-out/>
  <testcase classname="Runner_files.Header_home_positive_runner" name="runScenario" time="12.528"/>
  <system-out/>
  <testcase classname="Runner_files.Header_home_positive_runner" name="runScenario" time="3.266"/>
  <system-out/>
  <testcase classname="Runner_files.Header_home_positive_runner" name="runScenario" time="2.305"/>
  <system-out/>
  <testcase classname="Runner_files.Header_home_positive_runner" name="runScenario" time="2.385"/>
  <system-out/>
  <testcase classname="Runner_files.Header_home_positive_runner" name="runScenario" time="5.450"/>
  <system-out/>
  <testcase classname="Runner_files.Header_home_positive_runner" name="runScenario" time="57.970">
    <error message="An element could not be located on the page using the given search parameters.
For documentation on this error, please visit: https://www.seleniumhq.org/exceptions/no_such_element.html
Build info: version: &#039;3.141.59&#039;, revision: &#039;e82be7d358&#039;, time: &#039;2018-11-14T08:17:03&#039;
System info: host: &#039;DESKTOP-PVHGHF8&#039;, ip: &#039;172.17.240.1&#039;, os.name: &#039;Windows 10&#039;, os.arch: &#039;amd64&#039;, os.version: &#039;10.0&#039;, java.version: &#039;11.0.10&#039;
Driver info: io.appium.java_client.android.AndroidDriver
Capabilities {appActivity: com.mpoweredhealth.MainActi..., appPackage: com.mpoweredhealth.demo, databaseEnabled: false, desired: {appActivity: com.mpoweredhealth.MainActi..., appPackage: com.mpoweredhealth.demo, deviceName: realme 8 Pro, platformName: android, platformVersion: 11, udid: 2b5e319e}, deviceApiLevel: 30, deviceManufacturer: realme, deviceModel: RMX3081, deviceName: 2b5e319e, deviceScreenDensity: 480, deviceScreenSize: 1080x2400, deviceUDID: 2b5e319e, javascriptEnabled: true, locationContextEnabled: false, networkConnectionEnabled: true, pixelRatio: 3, platform: LINUX, platformName: Android, platformVersion: 11, statBarHeight: 108, takesScreenshot: true, udid: 2b5e319e, viewportRect: {height: 2050, left: 0, top: 108, width: 1080}, warnings: {}, webStorageEnabled: false}
Session ID: 0da54809-3370-4222-b7ea-d72909418180
*** Element info: {Using=class name, value=//android.widget.TextView[@index=&#039;0&#039;]}" type="org.openqa.selenium.NoSuchElementException">
      <![CDATA[org.openqa.selenium.NoSuchElementException: An element could not be located on the page using the given search parameters.
For documentation on this error, please visit: https://www.seleniumhq.org/exceptions/no_such_element.html
Build info: version: '3.141.59', revision: 'e82be7d358', time: '2018-11-14T08:17:03'
System info: host: 'DESKTOP-PVHGHF8', ip: '172.17.240.1', os.name: 'Windows 10', os.arch: 'amd64', os.version: '10.0', java.version: '11.0.10'
Driver info: io.appium.java_client.android.AndroidDriver
Capabilities {appActivity: com.mpoweredhealth.MainActi..., appPackage: com.mpoweredhealth.demo, databaseEnabled: false, desired: {appActivity: com.mpoweredhealth.MainActi..., appPackage: com.mpoweredhealth.demo, deviceName: realme 8 Pro, platformName: android, platformVersion: 11, udid: 2b5e319e}, deviceApiLevel: 30, deviceManufacturer: realme, deviceModel: RMX3081, deviceName: 2b5e319e, deviceScreenDensity: 480, deviceScreenSize: 1080x2400, deviceUDID: 2b5e319e, javascriptEnabled: true, locationContextEnabled: false, networkConnectionEnabled: true, pixelRatio: 3, platform: LINUX, platformName: Android, platformVersion: 11, statBarHeight: 108, takesScreenshot: true, udid: 2b5e319e, viewportRect: {height: 2050, left: 0, top: 108, width: 1080}, warnings: {}, webStorageEnabled: false}
Session ID: 0da54809-3370-4222-b7ea-d72909418180
*** Element info: {Using=class name, value=//android.widget.TextView[@index='0']}
at java.base/jdk.internal.reflect.NativeConstructorAccessorImpl.newInstance0(Native Method)
at java.base/jdk.internal.reflect.NativeConstructorAccessorImpl.newInstance(NativeConstructorAccessorImpl.java:62)
at java.base/jdk.internal.reflect.DelegatingConstructorAccessorImpl.newInstance(DelegatingConstructorAccessorImpl.java:45)
at java.base/java.lang.reflect.Constructor.newInstance(Constructor.java:490)
at org.openqa.selenium.remote.http.W3CHttpResponseCodec.createException(W3CHttpResponseCodec.java:187)
at org.openqa.selenium.remote.http.W3CHttpResponseCodec.decode(W3CHttpResponseCodec.java:122)
at org.openqa.selenium.remote.http.W3CHttpResponseCodec.decode(W3CHttpResponseCodec.java:49)
at org.openqa.selenium.remote.HttpCommandExecutor.execute(HttpCommandExecutor.java:158)
at io.appium.java_client.remote.AppiumCommandExecutor.execute(AppiumCommandExecutor.java:247)
at org.openqa.selenium.remote.RemoteWebDriver.execute(RemoteWebDriver.java:552)
at io.appium.java_client.DefaultGenericMobileDriver.execute(DefaultGenericMobileDriver.java:41)
at io.appium.java_client.AppiumDriver.execute(AppiumDriver.java:1)
at io.appium.java_client.android.AndroidDriver.execute(AndroidDriver.java:1)
at org.openqa.selenium.remote.RemoteWebDriver.findElement(RemoteWebDriver.java:323)
at io.appium.java_client.DefaultGenericMobileDriver.findElement(DefaultGenericMobileDriver.java:61)
at io.appium.java_client.AppiumDriver.findElement(AppiumDriver.java:1)
at io.appium.java_client.android.AndroidDriver.findElement(AndroidDriver.java:1)
at org.openqa.selenium.remote.RemoteWebDriver.findElementByClassName(RemoteWebDriver.java:412)
at io.appium.java_client.DefaultGenericMobileDriver.findElementByClassName(DefaultGenericMobileDriver.java:125)
at io.appium.java_client.AppiumDriver.findElementByClassName(AppiumDriver.java:1)
at io.appium.java_client.android.AndroidDriver.findElementByClassName(AndroidDriver.java:1)
at Header_Home_Page.Header_home_page_Script.header_positive_tc_001(Header_home_page_Script.java:40)
at âœ½.check the mpowered health logo or hamburger  should be present in the header(file:///C:/Users/SARITHA%20H/Downloads/Appium_Framework-main/src/main/java/Header_Home_Page/Header.feature:5)
]]>
    </error>
  </testcase> <!-- runScenario -->
  <system-out/>
</testsuite> <!-- Runner_files.Header_home_positive_runner -->
